{"total": {"lines":{"total":251,"covered":218,"skipped":0,"pct":86.85},"statements":{"total":259,"covered":226,"skipped":0,"pct":87.25},"functions":{"total":70,"covered":59,"skipped":0,"pct":84.28},"branches":{"total":71,"covered":66,"skipped":0,"pct":92.95},"branchesTrue":{"total":0,"covered":0,"skipped":0,"pct":100}}
,"/Users/simon/dev/dagens-eko-player/src/radio-starter.ts": {"lines":{"total":25,"covered":25,"skipped":0,"pct":100},"functions":{"total":4,"covered":4,"skipped":0,"pct":100},"statements":{"total":25,"covered":25,"skipped":0,"pct":100},"branches":{"total":0,"covered":0,"skipped":0,"pct":100}}
,"/Users/simon/dev/dagens-eko-player/src/io/keyboard.ts": {"lines":{"total":28,"covered":28,"skipped":0,"pct":100},"functions":{"total":4,"covered":4,"skipped":0,"pct":100},"statements":{"total":30,"covered":30,"skipped":0,"pct":100},"branches":{"total":9,"covered":9,"skipped":0,"pct":100}}
,"/Users/simon/dev/dagens-eko-player/src/io/pi-button.ts": {"lines":{"total":18,"covered":18,"skipped":0,"pct":100},"functions":{"total":5,"covered":5,"skipped":0,"pct":100},"statements":{"total":18,"covered":18,"skipped":0,"pct":100},"branches":{"total":5,"covered":5,"skipped":0,"pct":100}}
,"/Users/simon/dev/dagens-eko-player/src/io/single-button-io/single-button-abstract.ts": {"lines":{"total":16,"covered":12,"skipped":0,"pct":75},"functions":{"total":5,"covered":5,"skipped":0,"pct":100},"statements":{"total":16,"covered":12,"skipped":0,"pct":75},"branches":{"total":3,"covered":1,"skipped":0,"pct":33.33}}
,"/Users/simon/dev/dagens-eko-player/src/io/single-button-io/interpreter/button-sequence-interpreter.ts": {"lines":{"total":22,"covered":22,"skipped":0,"pct":100},"functions":{"total":4,"covered":4,"skipped":0,"pct":100},"statements":{"total":22,"covered":22,"skipped":0,"pct":100},"branches":{"total":15,"covered":15,"skipped":0,"pct":100}}
,"/Users/simon/dev/dagens-eko-player/src/io/single-button-io/interpreter/pattern-finder.ts": {"lines":{"total":11,"covered":11,"skipped":0,"pct":100},"functions":{"total":3,"covered":3,"skipped":0,"pct":100},"statements":{"total":13,"covered":13,"skipped":0,"pct":100},"branches":{"total":3,"covered":3,"skipped":0,"pct":100}}
,"/Users/simon/dev/dagens-eko-player/src/io/single-button-io/recorder/single-button-recorder.ts": {"lines":{"total":20,"covered":20,"skipped":0,"pct":100},"functions":{"total":8,"covered":8,"skipped":0,"pct":100},"statements":{"total":20,"covered":20,"skipped":0,"pct":100},"branches":{"total":12,"covered":11,"skipped":0,"pct":91.66}}
,"/Users/simon/dev/dagens-eko-player/src/processes/vlc-process-supervisor.ts": {"lines":{"total":11,"covered":4,"skipped":0,"pct":36.36},"functions":{"total":3,"covered":1,"skipped":0,"pct":33.33},"statements":{"total":11,"covered":4,"skipped":0,"pct":36.36},"branches":{"total":1,"covered":0,"skipped":0,"pct":0}}
,"/Users/simon/dev/dagens-eko-player/src/processes/vlc-process.ts": {"lines":{"total":23,"covered":2,"skipped":0,"pct":8.69},"functions":{"total":8,"covered":0,"skipped":0,"pct":0},"statements":{"total":23,"covered":2,"skipped":0,"pct":8.69},"branches":{"total":1,"covered":0,"skipped":0,"pct":0}}
,"/Users/simon/dev/dagens-eko-player/src/radio/player.ts": {"lines":{"total":25,"covered":24,"skipped":0,"pct":96},"functions":{"total":5,"covered":4,"skipped":0,"pct":80},"statements":{"total":25,"covered":24,"skipped":0,"pct":96},"branches":{"total":6,"covered":6,"skipped":0,"pct":100}}
,"/Users/simon/dev/dagens-eko-player/src/sveriges-radio/news-program-ids.ts": {"lines":{"total":4,"covered":4,"skipped":0,"pct":100},"functions":{"total":2,"covered":2,"skipped":0,"pct":100},"statements":{"total":4,"covered":4,"skipped":0,"pct":100},"branches":{"total":0,"covered":0,"skipped":0,"pct":100}}
,"/Users/simon/dev/dagens-eko-player/src/sveriges-radio/radio-url-provider.ts": {"lines":{"total":10,"covered":10,"skipped":0,"pct":100},"functions":{"total":7,"covered":7,"skipped":0,"pct":100},"statements":{"total":11,"covered":11,"skipped":0,"pct":100},"branches":{"total":0,"covered":0,"skipped":0,"pct":100}}
,"/Users/simon/dev/dagens-eko-player/src/sveriges-radio/__tests__/test-helper.ts": {"lines":{"total":3,"covered":3,"skipped":0,"pct":100},"functions":{"total":2,"covered":2,"skipped":0,"pct":100},"statements":{"total":3,"covered":3,"skipped":0,"pct":100},"branches":{"total":10,"covered":10,"skipped":0,"pct":100}}
,"/Users/simon/dev/dagens-eko-player/src/sveriges-radio/api-client/api-client.ts": {"lines":{"total":5,"covered":5,"skipped":0,"pct":100},"functions":{"total":1,"covered":1,"skipped":0,"pct":100},"statements":{"total":5,"covered":5,"skipped":0,"pct":100},"branches":{"total":0,"covered":0,"skipped":0,"pct":100}}
,"/Users/simon/dev/dagens-eko-player/src/sveriges-radio/array-operations/filter.ts": {"lines":{"total":9,"covered":9,"skipped":0,"pct":100},"functions":{"total":2,"covered":2,"skipped":0,"pct":100},"statements":{"total":10,"covered":10,"skipped":0,"pct":100},"branches":{"total":1,"covered":1,"skipped":0,"pct":100}}
,"/Users/simon/dev/dagens-eko-player/src/sveriges-radio/array-operations/map.ts": {"lines":{"total":8,"covered":8,"skipped":0,"pct":100},"functions":{"total":3,"covered":3,"skipped":0,"pct":100},"statements":{"total":8,"covered":8,"skipped":0,"pct":100},"branches":{"total":3,"covered":3,"skipped":0,"pct":100}}
,"/Users/simon/dev/dagens-eko-player/src/sveriges-radio/array-operations/sort.ts": {"lines":{"total":6,"covered":6,"skipped":0,"pct":100},"functions":{"total":1,"covered":1,"skipped":0,"pct":100},"statements":{"total":8,"covered":8,"skipped":0,"pct":100},"branches":{"total":2,"covered":2,"skipped":0,"pct":100}}
,"/Users/simon/dev/dagens-eko-player/src/sveriges-radio/episodes-provider/episodes-provider.ts": {"lines":{"total":7,"covered":7,"skipped":0,"pct":100},"functions":{"total":3,"covered":3,"skipped":0,"pct":100},"statements":{"total":7,"covered":7,"skipped":0,"pct":100},"branches":{"total":0,"covered":0,"skipped":0,"pct":100}}
}
